library_XUtils/build/outputs/logs/manifest-merger-debug-report.txt
-- Merging decision tree log ---
manifest
ADDED from QualityTracingInput\library_XUtils\AndroidManifest.xml:2:1-8:12
INJECTED from QualityTracingInput\library_XUtils\AndroidManifest.xml:2:1-8:12
INJECTED from QualityTracingInput\library_XUtils\AndroidManifest.xml:2:1-8:12
INJECTED from QualityTracingInput\library_XUtils\AndroidManifest.xml:2:1-8:12
INJECTED from QualityTracingInput\library_XUtils\AndroidManifest.xml:2:1-8:12
INJECTED from QualityTracingInput\library_XUtils\AndroidManifest.xml:2:1-8:12
INJECTED from QualityTracingInput\library_XUtils\AndroidManifest.xml:2:1-8:12
	package
		ADDED from QualityTracingInput\library_XUtils\AndroidManifest.xml:3:11-39
		INJECTED from QualityTracingInput\library_XUtils\AndroidManifest.xml
		INJECTED from QualityTracingInput\library_XUtils\AndroidManifest.xml
	android:versionName
		ADDED from QualityTracingInput\library_XUtils\AndroidManifest.xml:5:11-38
		INJECTED from QualityTracingInput\library_XUtils\AndroidManifest.xml
		INJECTED from QualityTracingInput\library_XUtils\AndroidManifest.xml
	xmlns:android
		ADDED from QualityTracingInput\library_XUtils\AndroidManifest.xml:2:11-69
	android:versionCode
		ADDED from QualityTracingInput\library_XUtils\AndroidManifest.xml:4:11-37
		INJECTED from QualityTracingInput\library_XUtils\AndroidManifest.xml
		INJECTED from QualityTracingInput\library_XUtils\AndroidManifest.xml
uses-sdk
ADDED from QualityTracingInput\library_XUtils\AndroidManifest.xml:6:5-72
	android:targetSdkVersion
		ADDED from QualityTracingInput\library_XUtils\AndroidManifest.xml:6:41-70
	android:minSdkVersion
		ADDED from QualityTracingInput\library_XUtils\AndroidManifest.xml:6:15-40
application
ADDED from QualityTracingInput\library_XUtils\AndroidManifest.xml:7:5-19